#
# A fatal error has been detected by the Java Runtime Environment:
#
#  EXCEPTION_ACCESS_VIOLATION (0xc0000005) at pc=0x00007ffdd73a9ab7, pid=5508, tid=12284
#
# JRE version: OpenJDK Runtime Environment Temurin-17.0.10+7 (17.0.10+7) (build 17.0.10+7)
# Java VM: OpenJDK 64-Bit Server VM Temurin-17.0.10+7 (17.0.10+7, mixed mode, tiered, compressed oops, compressed class ptrs, parallel gc, windows-amd64)
# Problematic frame:
# V  [jvm.dll+0x6b9ab7]
#
# No core dump will be written. Minidumps are not enabled by default on client versions of Windows
#
# If you would like to submit a bug report, please visit:
#   https://github.com/adoptium/adoptium-support/issues
#

---------------  S U M M A R Y ------------

Command Line: --add-modules=ALL-SYSTEM --add-opens=java.base/java.util=ALL-UNNAMED --add-opens=java.base/java.lang=ALL-UNNAMED --add-opens=java.base/sun.nio.fs=ALL-UNNAMED -Declipse.application=org.eclipse.jdt.ls.core.id1 -Dosgi.bundles.defaultStartLevel=4 -Declipse.product=org.eclipse.jdt.ls.core.product -Djava.import.generatesMetadataFilesAtProjectRoot=false -DDetectVMInstallationsJob.disabled=true -Dfile.encoding=utf8 -XX:+UseParallelGC -XX:GCTimeRatio=4 -XX:AdaptiveSizePolicyWeight=90 -Dsun.zip.disableMemoryMapping=true -Xmx1G -Xms100m -Xlog:disable -javaagent:c:\Users\Nahid\.vscode\extensions\redhat.java-1.28.1-win32-x64\lombok\lombok-1.18.31.jar -XX:+HeapDumpOnOutOfMemoryError -XX:HeapDumpPath=c:\Users\Nahid\AppData\Roaming\Code\User\workspaceStorage\1e7db9f67c8595ca55ae328d52024ab2\redhat.java -Daether.dependencyCollector.impl=bf c:\Users\Nahid\.vscode\extensions\redhat.java-1.28.1-win32-x64\server\plugins\org.eclipse.equinox.launcher_1.6.700.v20231214-2017.jar -configuration c:\Users\Nahid\AppData\Roaming\Code\User\globalStorage\redhat.java\1.28.1\config_win -data c:\Users\Nahid\AppData\Roaming\Code\User\workspaceStorage\1e7db9f67c8595ca55ae328d52024ab2\redhat.java\jdt_ws --stdio

Host: Intel(R) Core(TM) i7-10510U CPU @ 1.80GHz, 8 cores, 15G,  Windows 11 , 64 bit Build 22621 (10.0.22621.3235)
Time: Sat Mar 23 13:58:15 2024 Azerbaijan Standard Time elapsed time: 10834.075242 seconds (0d 3h 0m 34s)

---------------  T H R E A D  ---------------

Current thread (0x000002caff01ad10):  GCTaskThread "GC Thread#7" [stack: 0x000000e087500000,0x000000e087600000] [id=12284]

Stack: [0x000000e087500000,0x000000e087600000],  sp=0x000000e0875ff740,  free space=1021k
Native frames: (J=compiled Java code, j=interpreted, Vv=VM code, C=native code)
V  [jvm.dll+0x6b9ab7]
V  [jvm.dll+0x6b5137]
V  [jvm.dll+0x6872ce]
V  [jvm.dll+0x6b99d6]
V  [jvm.dll+0x6ba23b]
V  [jvm.dll+0x86226b]
V  [jvm.dll+0x8622b6]
V  [jvm.dll+0x7e3fba]
V  [jvm.dll+0x67c1b5]
C  [ucrtbase.dll+0x29363]
C  [KERNEL32.DLL+0x1257d]
C  [ntdll.dll+0x5aa58]


siginfo: EXCEPTION_ACCESS_VIOLATION (0xc0000005), reading address 0x0000000393aba330


Registers:
RAX=0x0000000393aba328, RBX=0x0000000000a9e518, RCX=0x0000000000000003, RDX=0x00000000c54f28c0
RSP=0x000000e0875ff740, RBP=0x00000000013a0000, RSI=0x0000000000ab0000, RDI=0x0000000000a9e547
R8 =0x0000000072757465, R9 =0x0000000000000001, R10=0x0000000000000000, R11=0x000002cafc81f160
R12=0x0000000000ab0000, R13=0x00000000013a0000, R14=0x00007ffdd788d7d0, R15=0x000000e0875ff870
RIP=0x00007ffdd73a9ab7, EFLAGS=0x0000000000010206


Register to memory mapping:

RIP=0x00007ffdd73a9ab7 jvm.dll
RAX=0x0000000393aba328 is an unknown value
RBX=0x0000000000a9e518 is an unknown value
RCX=0x0000000000000003 is an unknown value
RDX=
[error occurred during error reporting (printing register info), id 0xc0000005, EXCEPTION_ACCESS_VIOLATION (0xc0000005) at pc=0x00007ffdd7379936]

Top of Stack: (sp=0x000000e0875ff740)
0x000000e0875ff740:   00000000000000d8 000002cafdb69220
0x000000e0875ff750:   0000000000a9e50b 00007ffdd788d7d0
0x000000e0875ff760:   00000000013a0000 0000000000ab0000
0x000000e0875ff770:   000000e0875ff840 00000000013a0000
0x000000e0875ff780:   0000000000000007 00007ffdd73a5137
0x000000e0875ff790:   000002cafc81f160 000002cafeee02f0
0x000000e0875ff7a0:   0000000000000001 000000000000005a
0x000000e0875ff7b0:   0000000000a9e511 00007ffdd73772ce
0x000000e0875ff7c0:   0000000000a9e518 00000000013a0000
0x000000e0875ff7d0:   0000000000ab0000 000000000000005a
0x000000e0875ff7e0:   000002cafc81f160 0000000000000000
0x000000e0875ff7f0:   00007ffdd788d630 00007ffdd788d7d0
0x000000e0875ff800:   00000000000000a2 00007ffdd73a99d6
0x000000e0875ff810:   0000000000ab0000 0000000000000000
0x000000e0875ff820:   000000e0875ff840 00000000000000ab
0x000000e0875ff830:   0000000000ab0000 00000000013a0000
0x000000e0875ff840:   00007ffdd76a18d8 00007ffdd788d7d0
0x000000e0875ff850:   000002cafc81f160 ffffffffffffffff
0x000000e0875ff860:   0000000000000000 000002caf5968bb0
0x000000e0875ff870:   00007ffdd76a18c8 00007ffdd788d7d0
0x000000e0875ff880:   000002cafc81f160 ffffffffffffffff
0x000000e0875ff890:   0000000000000000 000002ca00000000
0x000000e0875ff8a0:   000002caf5968bb0 0000000000000000
0x000000e0875ff8b0:   0000000000000000 000002caff01ad10
0x000000e0875ff8c0:   0000000000000000 0000000000000000
0x000000e0875ff8d0:   0000000000000006 00007ffdd73aa23b
0x000000e0875ff8e0:   000000e085fff400 0000000000000000
0x000000e0875ff8f0:   000002cafc81f160 0000000000000000
0x000000e0875ff900:   0000000000000000 0000000000000000
0x000000e0875ff910:   00000000000000ab 000002caf79e1fd0
0x000000e0875ff920:   000000e085fff400 00007ffdd755226b
0x000000e0875ff930:   0000000000000007 000002caff01ad10 

Instructions: (pc=0x00007ffdd73a9ab7)
0x00007ffdd73a99b7:   00 00 4c 89 64 24 38 4c 89 7c 24 40 48 c7 44 24
0x00007ffdd73a99c7:   48 ff ff ff ff 48 89 5c 24 20 e8 ea d7 fc ff 85
0x00007ffdd73a99d7:   c0 75 40 48 8b 84 24 90 00 00 00 48 8b 94 24 80
0x00007ffdd73a99e7:   00 00 00 48 8b ca 48 c1 e9 09 4c 8b 40 70 49 03
0x00007ffdd73a99f7:   c8 49 c1 e0 09 48 8b c1 48 c1 e0 09 4c 2b c0 4c
0x00007ffdd73a9a07:   03 c2 49 c1 e8 03 44 88 01 48 8b 4c 24 70 e8 66
0x00007ffdd73a9a17:   00 00 00 48 8b 0d 07 3e 4e 00 48 8d 04 b6 48 8d
0x00007ffdd73a9a27:   14 c1 48 8d 04 bf 48 8d 04 c1 48 3b c2 73 25 66
0x00007ffdd73a9a37:   66 0f 1f 84 00 00 00 00 00 8b 48 1c 81 e1 ff ff
0x00007ffdd73a9a47:   ff 07 81 c9 00 00 00 60 89 48 1c 48 83 c0 28 48
0x00007ffdd73a9a57:   3b c2 72 e5 4c 8d 9c 24 a0 00 00 00 49 8b 5b 30
0x00007ffdd73a9a67:   49 8b 6b 38 49 8b 73 40 49 8b e3 41 5f 41 5e 41
0x00007ffdd73a9a77:   5d 41 5c 5f c3 cc cc cc cc 48 83 ec 48 44 0f b6
0x00007ffdd73a9a87:   0d f6 98 4c 00 4c 8b d9 8b 0d 63 d8 45 00 4c 8b
0x00007ffdd73a9a97:   15 54 d8 45 00 45 84 c9 74 0f 44 8b 42 08 41 8b
0x00007ffdd73a9aa7:   c0 48 d3 e0 49 03 c2 eb 07 48 8b 42 08 44 8b c0
0x00007ffdd73a9ab7:   81 78 08 00 00 00 c0 73 3f 48 c7 44 24 28 00 00
0x00007ffdd73a9ac7:   00 00 48 8d 05 18 7e 2f 00 48 89 44 24 20 4c 89
0x00007ffdd73a9ad7:   5c 24 30 45 84 c9 74 08 49 d3 e0 4d 03 c2 eb 04
0x00007ffdd73a9ae7:   4c 8b 42 08 49 63 40 0c 4c 8d 0d 7a 2c 47 00 48
0x00007ffdd73a9af7:   8d 4c 24 20 41 ff 14 c1 48 83 c4 48 c3 cc cc cc
0x00007ffdd73a9b07:   cc cc cc cc cc cc cc cc cc 48 89 5c 24 18 55 56
0x00007ffdd73a9b17:   57 41 54 41 55 41 56 41 57 48 8b ec 48 81 ec 80
0x00007ffdd73a9b27:   00 00 00 48 8b 05 07 ef 48 00 48 33 c4 48 89 45
0x00007ffdd73a9b37:   f8 4c 8d b1 40 01 00 00 89 55 b4 44 8b fa 48 89
0x00007ffdd73a9b47:   4d b8 4c 8b e1 48 8d 55 b0 33 db 49 8b ce 89 5d
0x00007ffdd73a9b57:   b0 e8 73 8a 1a 00 4c 8d 2d e4 7d 2f 00 84 c0 0f
0x00007ffdd73a9b67:   84 87 00 00 00 4c 8d 25 5d d0 29 00 8b 7d b0 41
0x00007ffdd73a9b77:   8b cf e8 e2 6c ff ff 4c 89 6d c0 48 8b f0 48 89
0x00007ffdd73a9b87:   45 c8 85 ff 74 2e 83 ff 02 75 45 4c 8d 0d bf 7f
0x00007ffdd73a9b97:   2f 00 89 7c 24 20 41 b8 c7 07 00 00 48 8d 15 ce
0x00007ffdd73a9ba7:   7f 2f 00 b9 00 00 00 e0 e8 bc d8 b8 ff e8 17 32 


Stack slot to memory mapping:
stack at sp + 0 slots: 0x00000000000000d8 is an unknown value
stack at sp + 1 slots: 0x000002cafdb69220 points into unknown readable memory: 0x000002caff01ad10 | 10 ad 01 ff ca 02 00 00
stack at sp + 2 slots: 0x0000000000a9e50b is an unknown value
stack at sp + 3 slots: 0x00007ffdd788d7d0 jvm.dll
stack at sp + 4 slots: 0x00000000013a0000 is an unknown value
stack at sp + 5 slots: 0x0000000000ab0000 is an unknown value
stack at sp + 6 slots: 0x000000e0875ff840 points into unknown readable memory: 0x00007ffdd76a18d8 | d8 18 6a d7 fd 7f 00 00
stack at sp + 7 slots: 0x00000000013a0000 is an unknown value


---------------  P R O C E S S  ---------------

Threads class SMR info:
_java_thread_list=0x000002ca969e81f0, length=38, elements={
0x000002caf79d1ec0, 0x000002cafc85a020, 0x000002cafc85c320, 0x000002cafd8a9830,
0x000002cafd8c7440, 0x000002cafd8c7e10, 0x000002cafd8c88e0, 0x000002cafd8c9790,
0x000002caf7a78d60, 0x000002caf7a7ea90, 0x000002caf7a33ef0, 0x000002cafdbff440,
0x000002ca930d7a90, 0x000002ca9315a180, 0x000002caff01a010, 0x000002cafeed4d70,
0x000002ca93374d80, 0x000002ca9303f620, 0x000002ca93041ea0, 0x000002ca930423b0,
0x000002ca9303f110, 0x000002ca93f483d0, 0x000002ca93f4a740, 0x000002ca93f4cab0,
0x000002ca93f488e0, 0x000002ca9303fb30, 0x000002ca9471bbe0, 0x000002ca94718940,
0x000002ca9471e970, 0x000002ca93040040, 0x000002ca93f46060, 0x000002ca93f4d9e0,
0x000002ca93f4ac50, 0x000002ca93f474a0, 0x000002ca93f46570, 0x000002ca94718e50,
0x000002ca9471a290, 0x000002ca9471b1c0
}

Java Threads: ( => current thread )
  0x000002caf79d1ec0 JavaThread "main" [_thread_blocked, id=16516, stack(0x000000e085d00000,0x000000e085e00000)]
  0x000002cafc85a020 JavaThread "Reference Handler" daemon [_thread_blocked, id=18100, stack(0x000000e086000000,0x000000e086100000)]
  0x000002cafc85c320 JavaThread "Finalizer" daemon [_thread_blocked, id=4748, stack(0x000000e086100000,0x000000e086200000)]
  0x000002cafd8a9830 JavaThread "Signal Dispatcher" daemon [_thread_blocked, id=3320, stack(0x000000e086200000,0x000000e086300000)]
  0x000002cafd8c7440 JavaThread "Attach Listener" daemon [_thread_blocked, id=10476, stack(0x000000e086300000,0x000000e086400000)]
  0x000002cafd8c7e10 JavaThread "Service Thread" daemon [_thread_blocked, id=14132, stack(0x000000e086400000,0x000000e086500000)]
  0x000002cafd8c88e0 JavaThread "Monitor Deflation Thread" daemon [_thread_blocked, id=20656, stack(0x000000e086500000,0x000000e086600000)]
  0x000002cafd8c9790 JavaThread "C2 CompilerThread0" daemon [_thread_blocked, id=13532, stack(0x000000e086600000,0x000000e086700000)]
  0x000002caf7a78d60 JavaThread "C1 CompilerThread0" daemon [_thread_blocked, id=25240, stack(0x000000e086700000,0x000000e086800000)]
  0x000002caf7a7ea90 JavaThread "Sweeper thread" daemon [_thread_blocked, id=9612, stack(0x000000e086800000,0x000000e086900000)]
  0x000002caf7a33ef0 JavaThread "Common-Cleaner" daemon [_thread_blocked, id=17148, stack(0x000000e086900000,0x000000e086a00000)]
  0x000002cafdbff440 JavaThread "Notification Thread" daemon [_thread_blocked, id=9492, stack(0x000000e086a00000,0x000000e086b00000)]
  0x000002ca930d7a90 JavaThread "Active Thread: Equinox Container: f7c40fc6-d71a-4db9-8af7-6b631d6bae04" [_thread_blocked, id=5216, stack(0x000000e087300000,0x000000e087400000)]
  0x000002ca9315a180 JavaThread "Framework Event Dispatcher: Equinox Container: f7c40fc6-d71a-4db9-8af7-6b631d6bae04" daemon [_thread_blocked, id=22444, stack(0x000000e087200000,0x000000e087300000)]
  0x000002caff01a010 JavaThread "Start Level: Equinox Container: f7c40fc6-d71a-4db9-8af7-6b631d6bae04" daemon [_thread_blocked, id=21852, stack(0x000000e087400000,0x000000e087500000)]
  0x000002cafeed4d70 JavaThread "Bundle File Closer" daemon [_thread_blocked, id=22400, stack(0x000000e087700000,0x000000e087800000)]
  0x000002ca93374d80 JavaThread "SCR Component Actor" daemon [_thread_blocked, id=15076, stack(0x000000e087600000,0x000000e087700000)]
  0x000002ca9303f620 JavaThread "Worker-JM" [_thread_blocked, id=24824, stack(0x000000e087a00000,0x000000e087b00000)]
  0x000002ca93041ea0 JavaThread "Java indexing" daemon [_thread_blocked, id=17220, stack(0x000000e087d00000,0x000000e087e00000)]
  0x000002ca930423b0 JavaThread "JNA Cleaner" daemon [_thread_blocked, id=16824, stack(0x000000e088100000,0x000000e088200000)]
  0x000002ca9303f110 JavaThread "pool-2-thread-1" [_thread_blocked, id=17580, stack(0x000000e088400000,0x000000e088500000)]
  0x000002ca93f483d0 JavaThread "WorkspaceEventsHandler" [_thread_blocked, id=25392, stack(0x000000e088500000,0x000000e088600000)]
  0x000002ca93f4a740 JavaThread "pool-1-thread-1" [_thread_blocked, id=17448, stack(0x000000e088600000,0x000000e088700000)]
  0x000002ca93f4cab0 JavaThread "Timer-0" [_thread_blocked, id=25144, stack(0x000000e088000000,0x000000e088100000)]
  0x000002ca93f488e0 JavaThread "Timer-1" [_thread_blocked, id=12688, stack(0x000000e088b00000,0x000000e088c00000)]
  0x000002ca9303fb30 JavaThread "Java Debug Server" daemon [_thread_in_native, id=6068, stack(0x000000e089500000,0x000000e089600000)]
  0x000002ca9471bbe0 JavaThread "RxSchedulerPurge-1" daemon [_thread_blocked, id=10980, stack(0x000000e089700000,0x000000e089800000)]
  0x000002ca94718940 JavaThread "RxCachedWorkerPoolEvictor-1" daemon [_thread_blocked, id=5592, stack(0x000000e089800000,0x000000e089900000)]
  0x000002ca9471e970 JavaThread "ForkJoinPool.commonPool-worker-34" daemon [_thread_blocked, id=11852, stack(0x000000e087b00000,0x000000e087c00000)]
  0x000002ca93040040 JavaThread "Worker-19" [_thread_blocked, id=18840, stack(0x000000e088d00000,0x000000e088e00000)]
  0x000002ca93f46060 JavaThread "Worker-22: Building" [_thread_blocked, id=5344, stack(0x000000e087c00000,0x000000e087d00000)]
  0x000002ca93f4d9e0 JavaThread "ForkJoinPool.commonPool-worker-50" daemon [_thread_blocked, id=21172, stack(0x000000e085b00000,0x000000e085c00000)]
  0x000002ca93f4ac50 JavaThread "ForkJoinPool.commonPool-worker-51" daemon [_thread_blocked, id=14228, stack(0x000000e087800000,0x000000e087900000)]
  0x000002ca93f474a0 JavaThread "ForkJoinPool.commonPool-worker-52" daemon [_thread_blocked, id=21428, stack(0x000000e087900000,0x000000e087a00000)]
  0x000002ca93f46570 JavaThread "ForkJoinPool.commonPool-worker-54" daemon [_thread_blocked, id=14356, stack(0x000000e087f00000,0x000000e088000000)]
  0x000002ca94718e50 JavaThread "ForkJoinPool.commonPool-worker-56" daemon [_thread_blocked, id=3612, stack(0x000000e085c00000,0x000000e085d00000)]
  0x000002ca9471a290 JavaThread "ForkJoinPool.commonPool-worker-57" daemon [_thread_blocked, id=15576, stack(0x000000e087e00000,0x000000e087f00000)]
  0x000002ca9471b1c0 JavaThread "Worker-29" [_thread_blocked, id=3136, stack(0x000000e088200000,0x000000e088300000)]

Other Threads:
  0x000002cafd8914b0 VMThread "VM Thread" [stack: 0x000000e085f00000,0x000000e086000000] [id=22016]
  0x000002cafdc007e0 WatcherThread [stack: 0x000000e086b00000,0x000000e086c00000] [id=1972]
  0x000002caf79e7820 GCTaskThread "GC Thread#0" [stack: 0x000000e085e00000,0x000000e085f00000] [id=9784]
  0x000002cafec7b7a0 GCTaskThread "GC Thread#1" [stack: 0x000000e086c00000,0x000000e086d00000] [id=4328]
  0x000002cafef32050 GCTaskThread "GC Thread#2" [stack: 0x000000e086d00000,0x000000e086e00000] [id=17960]
  0x000002cafef32310 GCTaskThread "GC Thread#3" [stack: 0x000000e086e00000,0x000000e086f00000] [id=8604]
  0x000002cafef325d0 GCTaskThread "GC Thread#4" [stack: 0x000000e086f00000,0x000000e087000000] [id=8708]
  0x000002cafef32890 GCTaskThread "GC Thread#5" [stack: 0x000000e087000000,0x000000e087100000] [id=16348]
  0x000002cafed56c00 GCTaskThread "GC Thread#6" [stack: 0x000000e087100000,0x000000e087200000] [id=2952]
=>0x000002caff01ad10 GCTaskThread "GC Thread#7" [stack: 0x000000e087500000,0x000000e087600000] [id=12284]

Threads with active compile tasks:
C2 CompilerThread0  10834228 21515       4       java.net.URI::relativize (154 bytes)

VM state: at safepoint (normal execution)

VM Mutex/Monitor currently owned by a thread:  ([mutex/lock_event])
[0x000002caf79cea00] Threads_lock - owner thread: 0x000002cafd8914b0
[0x000002caf79cf030] Heap_lock - owner thread: 0x000002ca93041ea0

Heap address: 0x00000000c0000000, size: 1024 MB, Compressed Oops mode: 32-bit

CDS archive(s) not mapped
Compressed class space mapped at: 0x0000000100000000-0x0000000140000000, reserved size: 1073741824
Narrow klass base: 0x0000000000000000, Narrow klass shift: 3, Narrow klass range: 0x140000000

GC Precious Log:
 CPUs: 8 total, 8 available
 Memory: 16221M
 Large Page Support: Disabled
 NUMA Support: Disabled
 Compressed Oops: Enabled (32-bit)
 Alignments: Space 512K, Generation 512K, Heap 2M
 Heap Min Capacity: 100M
 Heap Initial Capacity: 100M
 Heap Max Capacity: 1G
 Pre-touch: Disabled
 Parallel Workers: 8

Heap:
 PSYoungGen      total 2560K, used 1011K [0x00000000eab00000, 0x00000000eb700000, 0x0000000100000000)
  eden space 1536K, 0% used [0x00000000eab00000,0x00000000eab00000,0x00000000eac80000)
  from space 1024K, 98% used [0x00000000eb080000,0x00000000eb17cda8,0x00000000eb180000)
  to   space 4096K, 0% used [0x00000000eac80000,0x00000000eac80000,0x00000000eb080000)
 ParOldGen       total 222208K, used 220819K [0x00000000c0000000, 0x00000000cd900000, 0x00000000eab00000)
  object space 222208K, 99% used [0x00000000c0000000,0x00000000cd7a4d98,0x00000000cd900000)
 Metaspace       used 96590K, committed 97792K, reserved 1179648K
  class space    used 10290K, committed 10816K, reserved 1048576K

Card table byte_map: [0x000002caf7360000,0x000002caf7570000] _byte_map_base: 0x000002caf6d60000

Marking Bits: (ParMarkBitMap*) 0x00007ffdd788d7d0
 Begin Bits: [0x000002cafa660000, 0x000002cafb660000)
 End Bits:   [0x000002cafb660000, 0x000002cafc660000)

Polling page: 0x000002caf5880000

Metaspace:

Usage:
  Non-class:     84.28 MB used.
      Class:     10.05 MB used.
       Both:     94.33 MB used.

Virtual space:
  Non-class space:      128.00 MB reserved,      84.94 MB ( 66%) committed,  2 nodes.
      Class space:        1.00 GB reserved,      10.56 MB (  1%) committed,  1 nodes.
             Both:        1.12 GB reserved,      95.50 MB (  8%) committed. 

Chunk freelists:
   Non-Class:  10.38 MB
       Class:  5.32 MB
        Both:  15.70 MB

MaxMetaspaceSize: unlimited
CompressedClassSpaceSize: 1.00 GB
Initial GC threshold: 21.00 MB
Current GC threshold: 159.00 MB
CDS: off
MetaspaceReclaimPolicy: balanced
 - commit_granule_bytes: 65536.
 - commit_granule_words: 8192.
 - virtual_space_node_default_size: 8388608.
 - enlarge_chunks_in_place: 1.
 - new_chunks_are_fully_committed: 0.
 - uncommit_free_chunks: 1.
 - use_allocation_guard: 0.
 - handle_deallocations: 1.


Internal statistics:

num_allocs_failed_limit: 6.
num_arena_births: 1058.
num_arena_deaths: 370.
num_vsnodes_births: 3.
num_vsnodes_deaths: 0.
num_space_committed: 1528.
num_space_uncommitted: 0.
num_chunks_returned_to_freelist: 444.
num_chunks_taken_from_freelist: 5370.
num_chunk_merges: 180.
num_chunk_splits: 3245.
num_chunks_enlarged: 1847.
num_inconsistent_stats: 0.

CodeHeap 'non-profiled nmethods': size=120000Kb used=18685Kb max_used=18685Kb free=101314Kb
 bounds [0x000002ca87ad0000, 0x000002ca88d10000, 0x000002ca8f000000]
CodeHeap 'profiled nmethods': size=120000Kb used=35491Kb max_used=35626Kb free=84508Kb
 bounds [0x000002ca80000000, 0x000002ca822e0000, 0x000002ca87530000]
CodeHeap 'non-nmethods': size=5760Kb used=1428Kb max_used=1542Kb free=4331Kb
 bounds [0x000002ca87530000, 0x000002ca877a0000, 0x000002ca87ad0000]
 total_blobs=17063 nmethods=16281 adapters=689
 compilation: enabled
              stopped_count=0, restarted_count=0
 full_count=0

Compilation events (20 events):
Event: 10831.824 Thread 0x000002cafd8c9790 nmethod 21508 0x000002ca88d06290 code [0x000002ca88d065c0, 0x000002ca88d07b10]
Event: 10832.120 Thread 0x000002cafd8c9790 21509       4       org.eclipse.core.runtime.jobs.JobChangeAdapter::scheduled (1 bytes)
Event: 10832.120 Thread 0x000002cafd8c9790 nmethod 21509 0x000002ca88d09010 code [0x000002ca88d09180, 0x000002ca88d091f8]
Event: 10832.312 Thread 0x000002cafd8c9790 21510       4       java.util.TreeMap::navigableKeySet (27 bytes)
Event: 10832.314 Thread 0x000002cafd8c9790 nmethod 21510 0x000002ca88d09310 code [0x000002ca88d094a0, 0x000002ca88d095b8]
Event: 10832.326 Thread 0x000002cafd8c9790 21511       4       org.eclipse.jdt.internal.corext.dom.GenericVisitor::endVisit (6 bytes)
Event: 10832.327 Thread 0x000002cafd8c9790 nmethod 21511 0x000002ca88d09690 code [0x000002ca88d09800, 0x000002ca88d09878]
Event: 10832.436 Thread 0x000002cafd8c9790 21512       4       org.eclipse.jdt.internal.core.manipulation.JavaElementLabelsCore::getElementLabel (22 bytes)
Event: 10832.458 Thread 0x000002cafd8c9790 nmethod 21512 0x000002ca88d09990 code [0x000002ca88d09b60, 0x000002ca88d0a438]
Event: 10832.653 Thread 0x000002cafd8c9790 21513       4       java.util.HashMap::values (25 bytes)
Event: 10832.656 Thread 0x000002cafd8c9790 nmethod 21513 0x000002ca88d0a890 code [0x000002ca88d0aa20, 0x000002ca88d0ab38]
Event: 10832.881 Thread 0x000002cafd8c9790 21514   !   4       org.eclipse.jdt.internal.compiler.lookup.Scope::getBinding (1471 bytes)
Event: 10833.062 Thread 0x000002cafd8c9790 nmethod 21514 0x000002ca88d0ac10 code [0x000002ca88d0aee0, 0x000002ca88d0d1a0]
Event: 10833.475 Thread 0x000002cafd8c9790 21515       4       java.net.URI::relativize (154 bytes)
Event: 10833.484 Thread 0x000002caf7a78d60 21516   !   3       org.eclipse.core.internal.resources.CheckMissingNaturesListener::updateMarkers (330 bytes)
Event: 10833.496 Thread 0x000002caf7a78d60 nmethod 21516 0x000002ca81ef7f90 code [0x000002ca81ef84c0, 0x000002ca81efb2f8]
Event: 10833.497 Thread 0x000002caf7a78d60 21517       3       org.eclipse.jdt.internal.core.DeltaProcessor::currentDelta (30 bytes)
Event: 10833.497 Thread 0x000002caf7a78d60 nmethod 21517 0x000002ca81ef7890 code [0x000002ca81ef7a40, 0x000002ca81ef7c88]
Event: 10833.652 Thread 0x000002caf7a78d60 21519       3       java.lang.Thread::setPriority (56 bytes)
Event: 10833.654 Thread 0x000002caf7a78d60 nmethod 21519 0x000002ca8148a810 code [0x000002ca8148aa00, 0x000002ca8148af88]

GC Heap History (20 events):
Event: 10833.634 GC heap after
{Heap after GC invocations=2883 (full 48):
 PSYoungGen      total 1024K, used 480K [0x00000000eab00000, 0x00000000eaf00000, 0x0000000100000000)
  eden space 512K, 0% used [0x00000000eab00000,0x00000000eab00000,0x00000000eab80000)
  from space 512K, 93% used [0x00000000eab80000,0x00000000eabf8000,0x00000000eac00000)
  to   space 1536K, 0% used [0x00000000ead80000,0x00000000ead80000,0x00000000eaf00000)
 ParOldGen       total 222208K, used 212256K [0x00000000c0000000, 0x00000000cd900000, 0x00000000eab00000)
  object space 222208K, 95% used [0x00000000c0000000,0x00000000ccf483b8,0x00000000cd900000)
 Metaspace       used 96590K, committed 97792K, reserved 1179648K
  class space    used 10290K, committed 10816K, reserved 1048576K
}
Event: 10833.638 GC heap before
{Heap before GC invocations=2884 (full 48):
 PSYoungGen      total 1024K, used 992K [0x00000000eab00000, 0x00000000eaf00000, 0x0000000100000000)
  eden space 512K, 100% used [0x00000000eab00000,0x00000000eab80000,0x00000000eab80000)
  from space 512K, 93% used [0x00000000eab80000,0x00000000eabf8000,0x00000000eac00000)
  to   space 1536K, 0% used [0x00000000ead80000,0x00000000ead80000,0x00000000eaf00000)
 ParOldGen       total 222208K, used 212256K [0x00000000c0000000, 0x00000000cd900000, 0x00000000eab00000)
  object space 222208K, 95% used [0x00000000c0000000,0x00000000ccf483b8,0x00000000cd900000)
 Metaspace       used 96590K, committed 97792K, reserved 1179648K
  class space    used 10290K, committed 10816K, reserved 1048576K
}
Event: 10833.646 GC heap after
{Heap after GC invocations=2884 (full 48):
 PSYoungGen      total 1536K, used 448K [0x00000000eab00000, 0x00000000eae00000, 0x0000000100000000)
  eden space 1024K, 0% used [0x00000000eab00000,0x00000000eab00000,0x00000000eac00000)
  from space 512K, 87% used [0x00000000ead80000,0x00000000eadf0000,0x00000000eae00000)
  to   space 1024K, 0% used [0x00000000eac00000,0x00000000eac00000,0x00000000ead00000)
 ParOldGen       total 222208K, used 212624K [0x00000000c0000000, 0x00000000cd900000, 0x00000000eab00000)
  object space 222208K, 95% used [0x00000000c0000000,0x00000000ccfa43b8,0x00000000cd900000)
 Metaspace       used 96590K, committed 97792K, reserved 1179648K
  class space    used 10290K, committed 10816K, reserved 1048576K
}
Event: 10833.655 GC heap before
{Heap before GC invocations=2885 (full 48):
 PSYoungGen      total 1536K, used 1472K [0x00000000eab00000, 0x00000000eae00000, 0x0000000100000000)
  eden space 1024K, 100% used [0x00000000eab00000,0x00000000eac00000,0x00000000eac00000)
  from space 512K, 87% used [0x00000000ead80000,0x00000000eadf0000,0x00000000eae00000)
  to   space 1024K, 0% used [0x00000000eac00000,0x00000000eac00000,0x00000000ead00000)
 ParOldGen       total 222208K, used 212624K [0x00000000c0000000, 0x00000000cd900000, 0x00000000eab00000)
  object space 222208K, 95% used [0x00000000c0000000,0x00000000ccfa43b8,0x00000000cd900000)
 Metaspace       used 96590K, committed 97792K, reserved 1179648K
  class space    used 10290K, committed 10816K, reserved 1048576K
}
Event: 10833.663 GC heap after
{Heap after GC invocations=2885 (full 48):
 PSYoungGen      total 2048K, used 916K [0x00000000eab00000, 0x00000000eae80000, 0x0000000100000000)
  eden space 1024K, 0% used [0x00000000eab00000,0x00000000eab00000,0x00000000eac00000)
  from space 1024K, 89% used [0x00000000eac00000,0x00000000eace5200,0x00000000ead00000)
  to   space 1024K, 0% used [0x00000000ead80000,0x00000000ead80000,0x00000000eae80000)
 ParOldGen       total 222208K, used 213008K [0x00000000c0000000, 0x00000000cd900000, 0x00000000eab00000)
  object space 222208K, 95% used [0x00000000c0000000,0x00000000cd0043b8,0x00000000cd900000)
 Metaspace       used 96590K, committed 97792K, reserved 1179648K
  class space    used 10290K, committed 10816K, reserved 1048576K
}
Event: 10833.667 GC heap before
{Heap before GC invocations=2886 (full 48):
 PSYoungGen      total 2048K, used 1940K [0x00000000eab00000, 0x00000000eae80000, 0x0000000100000000)
  eden space 1024K, 100% used [0x00000000eab00000,0x00000000eac00000,0x00000000eac00000)
  from space 1024K, 89% used [0x00000000eac00000,0x00000000eace5200,0x00000000ead00000)
  to   space 1024K, 0% used [0x00000000ead80000,0x00000000ead80000,0x00000000eae80000)
 ParOldGen       total 222208K, used 213008K [0x00000000c0000000, 0x00000000cd900000, 0x00000000eab00000)
  object space 222208K, 95% used [0x00000000c0000000,0x00000000cd0043b8,0x00000000cd900000)
 Metaspace       used 96590K, committed 97792K, reserved 1179648K
  class space    used 10290K, committed 10816K, reserved 1048576K
}
Event: 10833.673 GC heap after
{Heap after GC invocations=2886 (full 48):
 PSYoungGen      total 2048K, used 256K [0x00000000eab00000, 0x00000000eae00000, 0x0000000100000000)
  eden space 1536K, 0% used [0x00000000eab00000,0x00000000eab00000,0x00000000eac80000)
  from space 512K, 50% used [0x00000000ead80000,0x00000000eadc0000,0x00000000eae00000)
  to   space 512K, 0% used [0x00000000ead00000,0x00000000ead00000,0x00000000ead80000)
 ParOldGen       total 222208K, used 213757K [0x00000000c0000000, 0x00000000cd900000, 0x00000000eab00000)
  object space 222208K, 96% used [0x00000000c0000000,0x00000000cd0bf5b8,0x00000000cd900000)
 Metaspace       used 96590K, committed 97792K, reserved 1179648K
  class space    used 10290K, committed 10816K, reserved 1048576K
}
Event: 10833.704 GC heap before
{Heap before GC invocations=2887 (full 48):
 PSYoungGen      total 2048K, used 1792K [0x00000000eab00000, 0x00000000eae00000, 0x0000000100000000)
  eden space 1536K, 100% used [0x00000000eab00000,0x00000000eac80000,0x00000000eac80000)
  from space 512K, 50% used [0x00000000ead80000,0x00000000eadc0000,0x00000000eae00000)
  to   space 512K, 0% used [0x00000000ead00000,0x00000000ead00000,0x00000000ead80000)
 ParOldGen       total 222208K, used 213757K [0x00000000c0000000, 0x00000000cd900000, 0x00000000eab00000)
  object space 222208K, 96% used [0x00000000c0000000,0x00000000cd0bf5b8,0x00000000cd900000)
 Metaspace       used 96590K, committed 97792K, reserved 1179648K
  class space    used 10290K, committed 10816K, reserved 1048576K
}
Event: 10833.707 GC heap after
{Heap after GC invocations=2887 (full 48):
 PSYoungGen      total 2560K, used 499K [0x00000000eab00000, 0x00000000eb000000, 0x0000000100000000)
  eden space 2048K, 0% used [0x00000000eab00000,0x00000000eab00000,0x00000000ead00000)
  from space 512K, 97% used [0x00000000ead00000,0x00000000ead7ccb8,0x00000000ead80000)
  to   space 1536K, 0% used [0x00000000eae80000,0x00000000eae80000,0x00000000eb000000)
 ParOldGen       total 222208K, used 214501K [0x00000000c0000000, 0x00000000cd900000, 0x00000000eab00000)
  object space 222208K, 96% used [0x00000000c0000000,0x00000000cd1795b8,0x00000000cd900000)
 Metaspace       used 96590K, committed 97792K, reserved 1179648K
  class space    used 10290K, committed 10816K, reserved 1048576K
}
Event: 10833.716 GC heap before
{Heap before GC invocations=2888 (full 48):
 PSYoungGen      total 2560K, used 2547K [0x00000000eab00000, 0x00000000eb000000, 0x0000000100000000)
  eden space 2048K, 100% used [0x00000000eab00000,0x00000000ead00000,0x00000000ead00000)
  from space 512K, 97% used [0x00000000ead00000,0x00000000ead7ccb8,0x00000000ead80000)
  to   space 1536K, 0% used [0x00000000eae80000,0x00000000eae80000,0x00000000eb000000)
 ParOldGen       total 222208K, used 214501K [0x00000000c0000000, 0x00000000cd900000, 0x00000000eab00000)
  object space 222208K, 96% used [0x00000000c0000000,0x00000000cd1795b8,0x00000000cd900000)
 Metaspace       used 96590K, committed 97792K, reserved 1179648K
  class space    used 10290K, committed 10816K, reserved 1048576K
}
Event: 10833.720 GC heap after
{Heap after GC invocations=2888 (full 48):
 PSYoungGen      total 3584K, used 1056K [0x00000000eab00000, 0x00000000eb080000, 0x0000000100000000)
  eden space 2048K, 0% used [0x00000000eab00000,0x00000000eab00000,0x00000000ead00000)
  from space 1536K, 68% used [0x00000000eae80000,0x00000000eaf88000,0x00000000eb000000)
  to   space 1536K, 0% used [0x00000000ead00000,0x00000000ead00000,0x00000000eae80000)
 ParOldGen       total 222208K, used 215023K [0x00000000c0000000, 0x00000000cd900000, 0x00000000eab00000)
  object space 222208K, 96% used [0x00000000c0000000,0x00000000cd1fbd78,0x00000000cd900000)
 Metaspace       used 96590K, committed 97792K, reserved 1179648K
  class space    used 10290K, committed 10816K, reserved 1048576K
}
Event: 10833.733 GC heap before
{Heap before GC invocations=2889 (full 48):
 PSYoungGen      total 3584K, used 3104K [0x00000000eab00000, 0x00000000eb080000, 0x0000000100000000)
  eden space 2048K, 100% used [0x00000000eab00000,0x00000000ead00000,0x00000000ead00000)
  from space 1536K, 68% used [0x00000000eae80000,0x00000000eaf88000,0x00000000eb000000)
  to   space 1536K, 0% used [0x00000000ead00000,0x00000000ead00000,0x00000000eae80000)
 ParOldGen       total 222208K, used 215023K [0x00000000c0000000, 0x00000000cd900000, 0x00000000eab00000)
  object space 222208K, 96% used [0x00000000c0000000,0x00000000cd1fbd78,0x00000000cd900000)
 Metaspace       used 96590K, committed 97792K, reserved 1179648K
  class space    used 10290K, committed 10816K, reserved 1048576K
}
Event: 10833.739 GC heap after
{Heap after GC invocations=2889 (full 48):
 PSYoungGen      total 3584K, used 1536K [0x00000000eab00000, 0x00000000eb480000, 0x0000000100000000)
  eden space 2048K, 0% used [0x00000000eab00000,0x00000000eab00000,0x00000000ead00000)
  from space 1536K, 100% used [0x00000000ead00000,0x00000000eae80000,0x00000000eae80000)
  to   space 3584K, 0% used [0x00000000eb100000,0x00000000eb100000,0x00000000eb480000)
 ParOldGen       total 222208K, used 216447K [0x00000000c0000000, 0x00000000cd900000, 0x00000000eab00000)
  object space 222208K, 97% used [0x00000000c0000000,0x00000000cd35fd98,0x00000000cd900000)
 Metaspace       used 96590K, committed 97792K, reserved 1179648K
  class space    used 10290K, committed 10816K, reserved 1048576K
}
Event: 10833.750 GC heap before
{Heap before GC invocations=2890 (full 48):
 PSYoungGen      total 3584K, used 3043K [0x00000000eab00000, 0x00000000eb480000, 0x0000000100000000)
  eden space 2048K, 73% used [0x00000000eab00000,0x00000000eac78d90,0x00000000ead00000)
  from space 1536K, 100% used [0x00000000ead00000,0x00000000eae80000,0x00000000eae80000)
  to   space 3584K, 0% used [0x00000000eb100000,0x00000000eb100000,0x00000000eb480000)
 ParOldGen       total 222208K, used 216447K [0x00000000c0000000, 0x00000000cd900000, 0x00000000eab00000)
  object space 222208K, 97% used [0x00000000c0000000,0x00000000cd35fd98,0x00000000cd900000)
 Metaspace       used 96590K, committed 97792K, reserved 1179648K
  class space    used 10290K, committed 10816K, reserved 1048576K
}
Event: 10833.754 GC heap after
{Heap after GC invocations=2890 (full 48):
 PSYoungGen      total 3584K, used 543K [0x00000000eab00000, 0x00000000eb200000, 0x0000000100000000)
  eden space 2560K, 0% used [0x00000000eab00000,0x00000000eab00000,0x00000000ead80000)
  from space 1024K, 53% used [0x00000000eb100000,0x00000000eb187c78,0x00000000eb200000)
  to   space 1536K, 0% used [0x00000000eaf00000,0x00000000eaf00000,0x00000000eb080000)
 ParOldGen       total 222208K, used 218039K [0x00000000c0000000, 0x00000000cd900000, 0x00000000eab00000)
  object space 222208K, 98% used [0x00000000c0000000,0x00000000cd4edd98,0x00000000cd900000)
 Metaspace       used 96590K, committed 97792K, reserved 1179648K
  class space    used 10290K, committed 10816K, reserved 1048576K
}
Event: 10833.796 GC heap before
{Heap before GC invocations=2891 (full 48):
 PSYoungGen      total 3584K, used 3103K [0x00000000eab00000, 0x00000000eb200000, 0x0000000100000000)
  eden space 2560K, 99% used [0x00000000eab00000,0x00000000ead7ffe8,0x00000000ead80000)
  from space 1024K, 53% used [0x00000000eb100000,0x00000000eb187c78,0x00000000eb200000)
  to   space 1536K, 0% used [0x00000000eaf00000,0x00000000eaf00000,0x00000000eb080000)
 ParOldGen       total 222208K, used 218039K [0x00000000c0000000, 0x00000000cd900000, 0x00000000eab00000)
  object space 222208K, 98% used [0x00000000c0000000,0x00000000cd4edd98,0x00000000cd900000)
 Metaspace       used 96590K, committed 97792K, reserved 1179648K
  class space    used 10290K, committed 10816K, reserved 1048576K
}
Event: 10833.797 GC heap after
{Heap after GC invocations=2891 (full 48):
 PSYoungGen      total 4608K, used 1338K [0x00000000eab00000, 0x00000000eb180000, 0x0000000100000000)
  eden space 3072K, 0% used [0x00000000eab00000,0x00000000eab00000,0x00000000eae00000)
  from space 1536K, 87% used [0x00000000eaf00000,0x00000000eb04ea28,0x00000000eb080000)
  to   space 1024K, 0% used [0x00000000eb080000,0x00000000eb080000,0x00000000eb180000)
 ParOldGen       total 222208K, used 218462K [0x00000000c0000000, 0x00000000cd900000, 0x00000000eab00000)
  object space 222208K, 98% used [0x00000000c0000000,0x00000000cd557ae8,0x00000000cd900000)
 Metaspace       used 96590K, committed 97792K, reserved 1179648K
  class space    used 10290K, committed 10816K, reserved 1048576K
}
Event: 10833.805 GC heap before
{Heap before GC invocations=2892 (full 48):
 PSYoungGen      total 4608K, used 4410K [0x00000000eab00000, 0x00000000eb180000, 0x0000000100000000)
  eden space 3072K, 100% used [0x00000000eab00000,0x00000000eae00000,0x00000000eae00000)
  from space 1536K, 87% used [0x00000000eaf00000,0x00000000eb04ea28,0x00000000eb080000)
  to   space 1024K, 0% used [0x00000000eb080000,0x00000000eb080000,0x00000000eb180000)
 ParOldGen       total 222208K, used 218462K [0x00000000c0000000, 0x00000000cd900000, 0x00000000eab00000)
  object space 222208K, 98% used [0x00000000c0000000,0x00000000cd557ae8,0x00000000cd900000)
 Metaspace       used 96590K, committed 97792K, reserved 1179648K
  class space    used 10290K, committed 10816K, reserved 1048576K
}
Event: 10833.809 GC heap after
{Heap after GC invocations=2892 (full 48):
 PSYoungGen      total 2560K, used 1011K [0x00000000eab00000, 0x00000000eb700000, 0x0000000100000000)
  eden space 1536K, 0% used [0x00000000eab00000,0x00000000eab00000,0x00000000eac80000)
  from space 1024K, 98% used [0x00000000eb080000,0x00000000eb17cda8,0x00000000eb180000)
  to   space 4096K, 0% used [0x00000000eac80000,0x00000000eac80000,0x00000000eb080000)
 ParOldGen       total 222208K, used 220819K [0x00000000c0000000, 0x00000000cd900000, 0x00000000eab00000)
  object space 222208K, 99% used [0x00000000c0000000,0x00000000cd7a4d98,0x00000000cd900000)
 Metaspace       used 96590K, committed 97792K, reserved 1179648K
  class space    used 10290K, committed 10816K, reserved 1048576K
}
Event: 10833.809 GC heap before
{Heap before GC invocations=2893 (full 49):
 PSYoungGen      total 2560K, used 1011K [0x00000000eab00000, 0x00000000eb700000, 0x0000000100000000)
  eden space 1536K, 0% used [0x00000000eab00000,0x00000000eab00000,0x00000000eac80000)
  from space 1024K, 98% used [0x00000000eb080000,0x00000000eb17cda8,0x00000000eb180000)
  to   space 4096K, 0% used [0x00000000eac80000,0x00000000eac80000,0x00000000eb080000)
 ParOldGen       total 222208K, used 220819K [0x00000000c0000000, 0x00000000cd900000, 0x00000000eab00000)
  object space 222208K, 99% used [0x00000000c0000000,0x00000000cd7a4d98,0x00000000cd900000)
 Metaspace       used 96590K, committed 97792K, reserved 1179648K
  class space    used 10290K, committed 10816K, reserved 1048576K
}

Dll operation events (15 events):
Event: 0.015 Loaded shared library c:\Users\Nahid\.vscode\extensions\redhat.java-1.28.1-win32-x64\jre\17.0.10-win32-x86_64\bin\java.dll
Event: 0.596 Loaded shared library c:\Users\Nahid\.vscode\extensions\redhat.java-1.28.1-win32-x64\jre\17.0.10-win32-x86_64\bin\zip.dll
Event: 0.603 Loaded shared library C:\Users\Nahid\.vscode\extensions\redhat.java-1.28.1-win32-x64\jre\17.0.10-win32-x86_64\bin\instrument.dll
Event: 0.643 Loaded shared library C:\Users\Nahid\.vscode\extensions\redhat.java-1.28.1-win32-x64\jre\17.0.10-win32-x86_64\bin\net.dll
Event: 0.648 Loaded shared library C:\Users\Nahid\.vscode\extensions\redhat.java-1.28.1-win32-x64\jre\17.0.10-win32-x86_64\bin\nio.dll
Event: 0.671 Loaded shared library C:\Users\Nahid\.vscode\extensions\redhat.java-1.28.1-win32-x64\jre\17.0.10-win32-x86_64\bin\zip.dll
Event: 0.744 Loaded shared library C:\Users\Nahid\.vscode\extensions\redhat.java-1.28.1-win32-x64\jre\17.0.10-win32-x86_64\bin\jimage.dll
Event: 0.983 Loaded shared library c:\Users\Nahid\.vscode\extensions\redhat.java-1.28.1-win32-x64\jre\17.0.10-win32-x86_64\bin\verify.dll
Event: 8.858 Loaded shared library C:\Users\Nahid\AppData\Roaming\Code\User\globalStorage\redhat.java\1.28.1\config_win\org.eclipse.equinox.launcher\org.eclipse.equinox.launcher.win32.win32.x86_64_1.2.900.v20240129-1338\eclipse_11900.dll
Event: 24.433 Loaded shared library C:\Users\Nahid\AppData\Local\Temp\jna-75027664\jna10067940089197813769.dll
Event: 53.210 Loaded shared library C:\Users\Nahid\.gradle\native\c067742578af261105cb4f569cf0c3c89f3d7b1fecec35dd04571415982c5e48\windows-amd64\native-platform.dll
Event: 65.478 Loaded shared library C:\Users\Nahid\.vscode\extensions\redhat.java-1.28.1-win32-x64\jre\17.0.10-win32-x86_64\bin\management.dll
Event: 65.486 Loaded shared library C:\Users\Nahid\.vscode\extensions\redhat.java-1.28.1-win32-x64\jre\17.0.10-win32-x86_64\bin\management_ext.dll
Event: 66.932 Loaded shared library C:\Users\Nahid\.vscode\extensions\redhat.java-1.28.1-win32-x64\jre\17.0.10-win32-x86_64\bin\extnet.dll
Event: 70.882 Loaded shared library C:\Users\Nahid\.vscode\extensions\redhat.java-1.28.1-win32-x64\jre\17.0.10-win32-x86_64\bin\sunmscapi.dll

Deoptimization events (20 events):
Event: 10580.975 Thread 0x000002ca93f4c5a0 Uncommon trap: trap_request=0xffffff66 fr.pc=0x000002ca8881fee0 relative=0x00000000000078a0
Event: 10580.975 Thread 0x000002ca93f4c5a0 Uncommon trap: reason=speculate_class_check action=maybe_recompile pc=0x000002ca8881fee0 method=org.eclipse.jdt.internal.compiler.ast.TypeReference.resolveType(Lorg/eclipse/jdt/internal/compiler/lookup/BlockScope;Z)Lorg/eclipse/jdt/internal/compiler/looku
Event: 10580.975 Thread 0x000002ca93f4c5a0 DEOPT PACKING pc=0x000002ca8881fee0 sp=0x000000e087efe5f0
Event: 10580.975 Thread 0x000002ca93f4c5a0 DEOPT UNPACKING pc=0x000002ca875866a3 sp=0x000000e087efe4b8 mode 2
Event: 10787.550 Thread 0x000002ca9471e970 Uncommon trap: trap_request=0xffffffde fr.pc=0x000002ca883eab40 relative=0x0000000000000980
Event: 10787.550 Thread 0x000002ca9471e970 Uncommon trap: reason=class_check action=maybe_recompile pc=0x000002ca883eab40 method=org.eclipse.lsp4j.jsonrpc.json.adapters.CollectionTypeAdapter.write(Lcom/google/gson/stream/JsonWriter;Ljava/util/Collection;)V @ 70 c2
Event: 10787.550 Thread 0x000002ca9471e970 DEOPT PACKING pc=0x000002ca883eab40 sp=0x000000e087bfedd0
Event: 10787.550 Thread 0x000002ca9471e970 DEOPT UNPACKING pc=0x000002ca875866a3 sp=0x000000e087bfed60 mode 2
Event: 10828.683 Thread 0x000002ca9471e970 Uncommon trap: trap_request=0xffffff66 fr.pc=0x000002ca8881fee0 relative=0x00000000000078a0
Event: 10828.683 Thread 0x000002ca9471e970 Uncommon trap: reason=speculate_class_check action=maybe_recompile pc=0x000002ca8881fee0 method=org.eclipse.jdt.internal.compiler.ast.TypeReference.resolveType(Lorg/eclipse/jdt/internal/compiler/lookup/BlockScope;Z)Lorg/eclipse/jdt/internal/compiler/looku
Event: 10828.683 Thread 0x000002ca9471e970 DEOPT PACKING pc=0x000002ca8881fee0 sp=0x000000e087bfe950
Event: 10828.683 Thread 0x000002ca9471e970 DEOPT UNPACKING pc=0x000002ca875866a3 sp=0x000000e087bfe818 mode 2
Event: 10828.694 Thread 0x000002ca9471e970 Uncommon trap: trap_request=0xffffff45 fr.pc=0x000002ca88493074 relative=0x00000000000000d4
Event: 10828.694 Thread 0x000002ca9471e970 Uncommon trap: reason=unstable_if action=reinterpret pc=0x000002ca88493074 method=org.eclipse.jdt.internal.core.search.PatternSearchJob$ParallelSearchMonitor.isCanceled()Z @ 16 c2
Event: 10828.694 Thread 0x000002ca9471e970 DEOPT PACKING pc=0x000002ca88493074 sp=0x000000e087bfe7d0
Event: 10828.694 Thread 0x000002ca9471e970 DEOPT UNPACKING pc=0x000002ca875866a3 sp=0x000000e087bfe770 mode 2
Event: 10828.695 Thread 0x000002ca9471e970 Uncommon trap: trap_request=0xffffff45 fr.pc=0x000002ca88a5d040 relative=0x00000000000000a0
Event: 10828.695 Thread 0x000002ca9471e970 Uncommon trap: reason=unstable_if action=reinterpret pc=0x000002ca88a5d040 method=java.util.concurrent.ForkJoinTask.get()Ljava/lang/Object; @ 14 c2
Event: 10828.695 Thread 0x000002ca9471e970 DEOPT PACKING pc=0x000002ca88a5d040 sp=0x000000e087bfeaf0
Event: 10828.695 Thread 0x000002ca9471e970 DEOPT UNPACKING pc=0x000002ca875866a3 sp=0x000000e087bfea80 mode 2

Classes unloaded (20 events):
Event: 7623.682 Thread 0x000002cafd8914b0 Unloading class 0x00000001009f8400 'jdk/internal/reflect/GeneratedConstructorAccessor27'
Event: 10833.898 Thread 0x000002cafd8914b0 Unloading class 0x0000000100a89800 'java/lang/invoke/LambdaForm$MH+0x0000000100a89800'
Event: 10833.898 Thread 0x000002cafd8914b0 Unloading class 0x0000000100a89400 'java/lang/invoke/LambdaForm$MH+0x0000000100a89400'
Event: 10833.898 Thread 0x000002cafd8914b0 Unloading class 0x0000000100a89000 'java/lang/invoke/LambdaForm$MH+0x0000000100a89000'
Event: 10833.898 Thread 0x000002cafd8914b0 Unloading class 0x0000000100a88c00 'java/lang/invoke/LambdaForm$MH+0x0000000100a88c00'
Event: 10833.898 Thread 0x000002cafd8914b0 Unloading class 0x0000000100a88800 'java/lang/invoke/LambdaForm$MH+0x0000000100a88800'
Event: 10833.898 Thread 0x000002cafd8914b0 Unloading class 0x0000000100a88400 'java/lang/invoke/LambdaForm$MH+0x0000000100a88400'
Event: 10833.898 Thread 0x000002cafd8914b0 Unloading class 0x00000001005b9400 'jdk/internal/reflect/GeneratedConstructorAccessor54'
Event: 10833.898 Thread 0x000002cafd8914b0 Unloading class 0x00000001009b0400 'jdk/internal/reflect/GeneratedConstructorAccessor52'
Event: 10833.898 Thread 0x000002cafd8914b0 Unloading class 0x0000000100a64000 'jdk/internal/reflect/GeneratedMethodAccessor33'
Event: 10833.898 Thread 0x000002cafd8914b0 Unloading class 0x00000001002d8c00 'jdk/internal/reflect/GeneratedSerializationConstructorAccessor3'
Event: 10833.898 Thread 0x000002cafd8914b0 Unloading class 0x00000001002d8800 'jdk/internal/reflect/GeneratedSerializationConstructorAccessor2'
Event: 10833.898 Thread 0x000002cafd8914b0 Unloading class 0x00000001002d8400 'jdk/internal/reflect/GeneratedSerializationConstructorAccessor1'
Event: 10833.898 Thread 0x000002cafd8914b0 Unloading class 0x000000010021d800 'java/lang/invoke/LambdaForm$MH+0x000000010021d800'
Event: 10833.898 Thread 0x000002cafd8914b0 Unloading class 0x000000010019ac00 'java/lang/invoke/LambdaForm$MH+0x000000010019ac00'
Event: 10833.898 Thread 0x000002cafd8914b0 Unloading class 0x000000010019a400 'java/lang/invoke/LambdaForm$MH+0x000000010019a400'
Event: 10833.898 Thread 0x000002cafd8914b0 Unloading class 0x000000010019a000 'java/lang/invoke/LambdaForm$MH+0x000000010019a000'
Event: 10833.898 Thread 0x000002cafd8914b0 Unloading class 0x0000000100199c00 'java/lang/invoke/LambdaForm$MH+0x0000000100199c00'
Event: 10833.898 Thread 0x000002cafd8914b0 Unloading class 0x0000000100199800 'java/lang/invoke/LambdaForm$MH+0x0000000100199800'
Event: 10833.898 Thread 0x000002cafd8914b0 Unloading class 0x0000000100199000 'java/lang/invoke/LambdaForm$MH+0x0000000100199000'

Classes redefined (0 events):
No events

Internal exceptions (20 events):
Event: 7137.419 Thread 0x000002ca93f4c5a0 Exception <a 'sun/nio/fs/WindowsException'{0x00000000eacd1f28}> (0x00000000eacd1f28) 
thrown [s\src\hotspot\share\prims\jni.cpp, line 516]
Event: 7174.523 Thread 0x000002ca93041ea0 Exception <a 'sun/nio/fs/WindowsException'{0x00000000eaf32978}> (0x00000000eaf32978) 
thrown [s\src\hotspot\share\prims\jni.cpp, line 516]
Event: 7175.324 Thread 0x000002ca93041ea0 Exception <a 'sun/nio/fs/WindowsException'{0x00000000eaca02c0}> (0x00000000eaca02c0) 
thrown [s\src\hotspot\share\prims\jni.cpp, line 516]
Event: 7179.740 Thread 0x000002ca93041ea0 Exception <a 'sun/nio/fs/WindowsException'{0x00000000ead81bd0}> (0x00000000ead81bd0) 
thrown [s\src\hotspot\share\prims\jni.cpp, line 516]
Event: 7180.232 Thread 0x000002ca93041ea0 Exception <a 'sun/nio/fs/WindowsException'{0x00000000eac580b8}> (0x00000000eac580b8) 
thrown [s\src\hotspot\share\prims\jni.cpp, line 516]
Event: 7181.754 Thread 0x000002ca93f474a0 Exception <a 'sun/nio/fs/WindowsException'{0x00000000ead327a8}> (0x00000000ead327a8) 
thrown [s\src\hotspot\share\prims\jni.cpp, line 516]
Event: 7181.754 Thread 0x000002ca93f474a0 Exception <a 'sun/nio/fs/WindowsException'{0x00000000ead32a88}> (0x00000000ead32a88) 
thrown [s\src\hotspot\share\prims\jni.cpp, line 516]
Event: 7181.754 Thread 0x000002ca93f474a0 Exception <a 'sun/nio/fs/WindowsException'{0x00000000ead333e8}> (0x00000000ead333e8) 
thrown [s\src\hotspot\share\prims\jni.cpp, line 516]
Event: 7181.754 Thread 0x000002ca93f474a0 Exception <a 'sun/nio/fs/WindowsException'{0x00000000ead336b8}> (0x00000000ead336b8) 
thrown [s\src\hotspot\share\prims\jni.cpp, line 516]
Event: 7623.529 Thread 0x000002ca93041ea0 Exception <a 'sun/nio/fs/WindowsException'{0x00000000eaca4d10}> (0x00000000eaca4d10) 
thrown [s\src\hotspot\share\prims\jni.cpp, line 516]
Event: 7624.438 Thread 0x000002ca93041ea0 Exception <a 'sun/nio/fs/WindowsException'{0x00000000ead351a0}> (0x00000000ead351a0) 
thrown [s\src\hotspot\share\prims\jni.cpp, line 516]
Event: 7632.078 Thread 0x000002ca93f46570 Exception <a 'sun/nio/fs/WindowsException'{0x00000000ead112f8}> (0x00000000ead112f8) 
thrown [s\src\hotspot\share\prims\jni.cpp, line 516]
Event: 7632.078 Thread 0x000002ca93f46570 Exception <a 'sun/nio/fs/WindowsException'{0x00000000ead115d8}> (0x00000000ead115d8) 
thrown [s\src\hotspot\share\prims\jni.cpp, line 516]
Event: 7632.079 Thread 0x000002ca93f46570 Exception <a 'sun/nio/fs/WindowsException'{0x00000000ead11f38}> (0x00000000ead11f38) 
thrown [s\src\hotspot\share\prims\jni.cpp, line 516]
Event: 7632.079 Thread 0x000002ca93f46570 Exception <a 'sun/nio/fs/WindowsException'{0x00000000ead12208}> (0x00000000ead12208) 
thrown [s\src\hotspot\share\prims\jni.cpp, line 516]
Event: 7820.898 Thread 0x000002ca93f4a740 Exception <a 'java/lang/ArrayIndexOutOfBoundsException'{0x00000000eab9a600}: Index 1270 out of bounds for length 1270> (0x00000000eab9a600) 
thrown [s\src\hotspot\share\interpreter\interpreterRuntime.cpp, line 428]
Event: 7821.349 Thread 0x000002ca93041ea0 Exception <a 'sun/nio/fs/WindowsException'{0x00000000ead36520}> (0x00000000ead36520) 
thrown [s\src\hotspot\share\prims\jni.cpp, line 516]
Event: 7821.853 Thread 0x000002ca93041ea0 Exception <a 'sun/nio/fs/WindowsException'{0x00000000eadf2a58}> (0x00000000eadf2a58) 
thrown [s\src\hotspot\share\prims\jni.cpp, line 516]
Event: 7822.359 Thread 0x000002ca93f4a740 Exception <a 'java/lang/ArrayIndexOutOfBoundsException'{0x00000000ead3ad18}: Index 1270 out of bounds for length 1270> (0x00000000ead3ad18) 
thrown [s\src\hotspot\share\interpreter\interpreterRuntime.cpp, line 428]
Event: 10833.558 Thread 0x000002ca93041ea0 Exception <a 'sun/nio/fs/WindowsException'{0x00000000eaba4d48}> (0x00000000eaba4d48) 
thrown [s\src\hotspot\share\prims\jni.cpp, line 516]

VM Operations (20 events):
Event: 10833.619 Executing VM operation: ParallelGCFailedAllocation done
Event: 10833.625 Executing VM operation: ParallelGCFailedAllocation
Event: 10833.635 Executing VM operation: ParallelGCFailedAllocation done
Event: 10833.638 Executing VM operation: ParallelGCFailedAllocation
Event: 10833.646 Executing VM operation: ParallelGCFailedAllocation done
Event: 10833.655 Executing VM operation: ParallelGCFailedAllocation
Event: 10833.663 Executing VM operation: ParallelGCFailedAllocation done
Event: 10833.667 Executing VM operation: ParallelGCFailedAllocation
Event: 10833.686 Executing VM operation: ParallelGCFailedAllocation done
Event: 10833.704 Executing VM operation: ParallelGCFailedAllocation
Event: 10833.707 Executing VM operation: ParallelGCFailedAllocation done
Event: 10833.716 Executing VM operation: ParallelGCFailedAllocation
Event: 10833.730 Executing VM operation: ParallelGCFailedAllocation done
Event: 10833.733 Executing VM operation: ParallelGCFailedAllocation
Event: 10833.739 Executing VM operation: ParallelGCFailedAllocation done
Event: 10833.749 Executing VM operation: ParallelGCFailedAllocation
Event: 10833.758 Executing VM operation: ParallelGCFailedAllocation done
Event: 10833.796 Executing VM operation: ParallelGCFailedAllocation
Event: 10833.797 Executing VM operation: ParallelGCFailedAllocation done
Event: 10833.805 Executing VM operation: ParallelGCFailedAllocation

Events (20 events):
Event: 7958.319 Thread 0x000002ca93f46570 Thread exited: 0x000002ca93f46570
Event: 7988.321 Thread 0x000002ca93f4d9e0 Thread exited: 0x000002ca93f4d9e0
Event: 8018.370 Thread 0x000002ca9471da40 Thread exited: 0x000002ca9471da40
Event: 8018.370 Thread 0x000002ca9471cb10 Thread exited: 0x000002ca9471cb10
Event: 8078.384 Thread 0x000002ca94718e50 Thread exited: 0x000002ca94718e50
Event: 8138.384 Thread 0x000002ca9471b6d0 Thread exited: 0x000002ca9471b6d0
Event: 8198.385 Thread 0x000002ca9471b1c0 Thread exited: 0x000002ca9471b1c0
Event: 10366.532 Thread 0x000002ca93f474a0 Thread exited: 0x000002ca93f474a0
Event: 10373.470 Thread 0x000002ca93f4d9e0 Thread added: 0x000002ca93f4d9e0
Event: 10373.484 Thread 0x000002ca93f4ac50 Thread added: 0x000002ca93f4ac50
Event: 10373.851 Thread 0x000002ca93f474a0 Thread added: 0x000002ca93f474a0
Event: 10387.656 Thread 0x000002ca93f4c5a0 Thread added: 0x000002ca93f4c5a0
Event: 10392.850 Thread 0x000002ca93f46570 Thread added: 0x000002ca93f46570
Event: 10396.401 Thread 0x000002ca9471da40 Thread added: 0x000002ca9471da40
Event: 10497.647 Thread 0x000002ca9471a290 Thread exited: 0x000002ca9471a290
Event: 10682.235 Thread 0x000002ca93f4c5a0 Thread exited: 0x000002ca93f4c5a0
Event: 10742.235 Thread 0x000002ca9471da40 Thread exited: 0x000002ca9471da40
Event: 10788.164 Thread 0x000002ca94718e50 Thread added: 0x000002ca94718e50
Event: 10829.726 Thread 0x000002ca9471a290 Thread added: 0x000002ca9471a290
Event: 10833.652 Thread 0x000002ca9471b1c0 Thread added: 0x000002ca9471b1c0


Dynamic libraries:
0x00007ff61a090000 - 0x00007ff61a09e000 	c:\Users\Nahid\.vscode\extensions\redhat.java-1.28.1-win32-x64\jre\17.0.10-win32-x86_64\bin\java.exe
0x00007ffe68eb0000 - 0x00007ffe690c6000 	C:\WINDOWS\SYSTEM32\ntdll.dll
0x00007ffe67570000 - 0x00007ffe67634000 	C:\WINDOWS\System32\KERNEL32.DLL
0x00007ffe66450000 - 0x00007ffe667f6000 	C:\WINDOWS\System32\KERNELBASE.dll
0x00007ffe66220000 - 0x00007ffe66331000 	C:\WINDOWS\System32\ucrtbase.dll
0x00007ffe2a080000 - 0x00007ffe2a097000 	c:\Users\Nahid\.vscode\extensions\redhat.java-1.28.1-win32-x64\jre\17.0.10-win32-x86_64\bin\jli.dll
0x00007ffe67ca0000 - 0x00007ffe67e4d000 	C:\WINDOWS\System32\USER32.dll
0x00007ffe66800000 - 0x00007ffe66826000 	C:\WINDOWS\System32\win32u.dll
0x00007ffe66f00000 - 0x00007ffe66f29000 	C:\WINDOWS\System32\GDI32.dll
0x00007ffe668b0000 - 0x00007ffe669c8000 	C:\WINDOWS\System32\gdi32full.dll
0x00007ffe663b0000 - 0x00007ffe6644a000 	C:\WINDOWS\System32\msvcp_win.dll
0x00007ffe29830000 - 0x00007ffe2984b000 	c:\Users\Nahid\.vscode\extensions\redhat.java-1.28.1-win32-x64\jre\17.0.10-win32-x86_64\bin\VCRUNTIME140.dll
0x00007ffe4d750000 - 0x00007ffe4d9e3000 	C:\WINDOWS\WinSxS\amd64_microsoft.windows.common-controls_6595b64144ccf1df_6.0.22621.3235_none_270f74e173860f98\COMCTL32.dll
0x00007ffe66f90000 - 0x00007ffe67037000 	C:\WINDOWS\System32\msvcrt.dll
0x00007ffe66ec0000 - 0x00007ffe66ef1000 	C:\WINDOWS\System32\IMM32.DLL
0x00007ffe48e50000 - 0x00007ffe48e5c000 	c:\Users\Nahid\.vscode\extensions\redhat.java-1.28.1-win32-x64\jre\17.0.10-win32-x86_64\bin\vcruntime140_1.dll
0x00007ffde9f40000 - 0x00007ffde9fcd000 	c:\Users\Nahid\.vscode\extensions\redhat.java-1.28.1-win32-x64\jre\17.0.10-win32-x86_64\bin\msvcp140.dll
0x00007ffdd6cf0000 - 0x00007ffdd7952000 	c:\Users\Nahid\.vscode\extensions\redhat.java-1.28.1-win32-x64\jre\17.0.10-win32-x86_64\bin\server\jvm.dll
0x00007ffe66ce0000 - 0x00007ffe66d92000 	C:\WINDOWS\System32\ADVAPI32.dll
0x00007ffe68b10000 - 0x00007ffe68bb8000 	C:\WINDOWS\System32\sechost.dll
0x00007ffe661f0000 - 0x00007ffe66218000 	C:\WINDOWS\System32\bcrypt.dll
0x00007ffe66da0000 - 0x00007ffe66eb5000 	C:\WINDOWS\System32\RPCRT4.dll
0x00007ffe660c0000 - 0x00007ffe6610d000 	C:\WINDOWS\SYSTEM32\POWRPROF.dll
0x00007ffe0bbf0000 - 0x00007ffe0bbf9000 	C:\WINDOWS\SYSTEM32\WSOCK32.dll
0x00007ffe672c0000 - 0x00007ffe67331000 	C:\WINDOWS\System32\WS2_32.dll
0x00007ffe5ea50000 - 0x00007ffe5ea84000 	C:\WINDOWS\SYSTEM32\WINMM.dll
0x00007ffe5ea90000 - 0x00007ffe5ea9a000 	C:\WINDOWS\SYSTEM32\VERSION.dll
0x00007ffe660a0000 - 0x00007ffe660b3000 	C:\WINDOWS\SYSTEM32\UMPDC.dll
0x00007ffe651f0000 - 0x00007ffe65208000 	C:\WINDOWS\SYSTEM32\kernel.appcore.dll
0x00007ffe47310000 - 0x00007ffe4731a000 	c:\Users\Nahid\.vscode\extensions\redhat.java-1.28.1-win32-x64\jre\17.0.10-win32-x86_64\bin\jimage.dll
0x00007ffe63ae0000 - 0x00007ffe63d13000 	C:\WINDOWS\SYSTEM32\DBGHELP.DLL
0x00007ffe67f20000 - 0x00007ffe682a8000 	C:\WINDOWS\System32\combase.dll
0x00007ffe671e0000 - 0x00007ffe672b7000 	C:\WINDOWS\System32\OLEAUT32.dll
0x00007ffe455f0000 - 0x00007ffe45622000 	C:\WINDOWS\SYSTEM32\dbgcore.DLL
0x00007ffe66830000 - 0x00007ffe668aa000 	C:\WINDOWS\System32\bcryptPrimitives.dll
0x00007ffe46ff0000 - 0x00007ffe46ffe000 	c:\Users\Nahid\.vscode\extensions\redhat.java-1.28.1-win32-x64\jre\17.0.10-win32-x86_64\bin\instrument.dll
0x00007ffe271a0000 - 0x00007ffe271c5000 	c:\Users\Nahid\.vscode\extensions\redhat.java-1.28.1-win32-x64\jre\17.0.10-win32-x86_64\bin\java.dll
0x00007ffe27300000 - 0x00007ffe27318000 	c:\Users\Nahid\.vscode\extensions\redhat.java-1.28.1-win32-x64\jre\17.0.10-win32-x86_64\bin\zip.dll
0x00007ffe682b0000 - 0x00007ffe68b0d000 	C:\WINDOWS\System32\SHELL32.dll
0x00007ffe64100000 - 0x00007ffe649f8000 	C:\WINDOWS\SYSTEM32\windows.storage.dll
0x00007ffe63fc0000 - 0x00007ffe640fe000 	C:\WINDOWS\SYSTEM32\wintypes.dll
0x00007ffe68bc0000 - 0x00007ffe68cb3000 	C:\WINDOWS\System32\SHCORE.dll
0x00007ffe67660000 - 0x00007ffe676be000 	C:\WINDOWS\System32\shlwapi.dll
0x00007ffe66120000 - 0x00007ffe66146000 	C:\WINDOWS\SYSTEM32\profapi.dll
0x00007ffe251b0000 - 0x00007ffe251c9000 	C:\Users\Nahid\.vscode\extensions\redhat.java-1.28.1-win32-x64\jre\17.0.10-win32-x86_64\bin\net.dll
0x00007ffe5de20000 - 0x00007ffe5df57000 	C:\WINDOWS\SYSTEM32\WINHTTP.dll
0x00007ffe65660000 - 0x00007ffe656c9000 	C:\WINDOWS\system32\mswsock.dll
0x00007ffe22b30000 - 0x00007ffe22b46000 	C:\Users\Nahid\.vscode\extensions\redhat.java-1.28.1-win32-x64\jre\17.0.10-win32-x86_64\bin\nio.dll
0x00007ffe43fa0000 - 0x00007ffe43fb0000 	c:\Users\Nahid\.vscode\extensions\redhat.java-1.28.1-win32-x64\jre\17.0.10-win32-x86_64\bin\verify.dll
0x00007ffe0ee90000 - 0x00007ffe0eece000 	C:\Users\Nahid\AppData\Roaming\Code\User\globalStorage\redhat.java\1.28.1\config_win\org.eclipse.equinox.launcher\org.eclipse.equinox.launcher.win32.win32.x86_64_1.2.900.v20240129-1338\eclipse_11900.dll
0x00007ffe68cc0000 - 0x00007ffe68e5f000 	C:\WINDOWS\System32\ole32.dll
0x00007ffe659b0000 - 0x00007ffe659cb000 	C:\WINDOWS\SYSTEM32\CRYPTSP.dll
0x00007ffe65150000 - 0x00007ffe65185000 	C:\WINDOWS\system32\rsaenh.dll
0x00007ffe65700000 - 0x00007ffe6572c000 	C:\WINDOWS\SYSTEM32\USERENV.dll
0x00007ffe65990000 - 0x00007ffe6599c000 	C:\WINDOWS\SYSTEM32\CRYPTBASE.dll
0x00007ffe64c60000 - 0x00007ffe64c8d000 	C:\WINDOWS\SYSTEM32\IPHLPAPI.DLL
0x00007ffe67560000 - 0x00007ffe67569000 	C:\WINDOWS\System32\NSI.dll
0x00007ffe5db30000 - 0x00007ffe5db49000 	C:\WINDOWS\SYSTEM32\dhcpcsvc6.DLL
0x00007ffe5db10000 - 0x00007ffe5db2f000 	C:\WINDOWS\SYSTEM32\dhcpcsvc.DLL
0x00007ffe64cd0000 - 0x00007ffe64dc9000 	C:\WINDOWS\SYSTEM32\DNSAPI.dll
0x00007ffdf0100000 - 0x00007ffdf0145000 	C:\Users\Nahid\AppData\Local\Temp\jna-75027664\jna10067940089197813769.dll
0x00007ffe67140000 - 0x00007ffe67148000 	C:\WINDOWS\System32\PSAPI.DLL
0x00007ffe1ff00000 - 0x00007ffe1ff27000 	C:\Users\Nahid\.gradle\native\c067742578af261105cb4f569cf0c3c89f3d7b1fecec35dd04571415982c5e48\windows-amd64\native-platform.dll
0x00007ffe3a0e0000 - 0x00007ffe3a0e9000 	C:\Users\Nahid\.vscode\extensions\redhat.java-1.28.1-win32-x64\jre\17.0.10-win32-x86_64\bin\management.dll
0x00007ffe3a0d0000 - 0x00007ffe3a0db000 	C:\Users\Nahid\.vscode\extensions\redhat.java-1.28.1-win32-x64\jre\17.0.10-win32-x86_64\bin\management_ext.dll
0x00007ffe39ef0000 - 0x00007ffe39ef9000 	C:\Users\Nahid\.vscode\extensions\redhat.java-1.28.1-win32-x64\jre\17.0.10-win32-x86_64\bin\extnet.dll
0x00007ffe39ee0000 - 0x00007ffe39eee000 	C:\Users\Nahid\.vscode\extensions\redhat.java-1.28.1-win32-x64\jre\17.0.10-win32-x86_64\bin\sunmscapi.dll
0x00007ffe669d0000 - 0x00007ffe66b36000 	C:\WINDOWS\System32\CRYPT32.dll
0x00007ffe65ac0000 - 0x00007ffe65aee000 	C:\WINDOWS\SYSTEM32\ncrypt.dll
0x00007ffe65a80000 - 0x00007ffe65ab7000 	C:\WINDOWS\SYSTEM32\NTASN1.dll
0x00007ffe60ec0000 - 0x00007ffe60ec8000 	C:\WINDOWS\system32\wshunix.dll

dbghelp: loaded successfully - version: 4.0.5 - missing functions: none
symbol engine: initialized successfully - sym options: 0x614 - pdb path: .;c:\Users\Nahid\.vscode\extensions\redhat.java-1.28.1-win32-x64\jre\17.0.10-win32-x86_64\bin;C:\WINDOWS\SYSTEM32;C:\WINDOWS\WinSxS\amd64_microsoft.windows.common-controls_6595b64144ccf1df_6.0.22621.3235_none_270f74e173860f98;c:\Users\Nahid\.vscode\extensions\redhat.java-1.28.1-win32-x64\jre\17.0.10-win32-x86_64\bin\server;C:\Users\Nahid\AppData\Roaming\Code\User\globalStorage\redhat.java\1.28.1\config_win\org.eclipse.equinox.launcher\org.eclipse.equinox.launcher.win32.win32.x86_64_1.2.900.v20240129-1338;C:\Users\Nahid\AppData\Local\Temp\jna-75027664;C:\Users\Nahid\.gradle\native\c067742578af261105cb4f569cf0c3c89f3d7b1fecec35dd04571415982c5e48\windows-amd64

VM Arguments:
jvm_args: --add-modules=ALL-SYSTEM --add-opens=java.base/java.util=ALL-UNNAMED --add-opens=java.base/java.lang=ALL-UNNAMED --add-opens=java.base/sun.nio.fs=ALL-UNNAMED -Declipse.application=org.eclipse.jdt.ls.core.id1 -Dosgi.bundles.defaultStartLevel=4 -Declipse.product=org.eclipse.jdt.ls.core.product -Djava.import.generatesMetadataFilesAtProjectRoot=false -DDetectVMInstallationsJob.disabled=true -Dfile.encoding=utf8 -XX:+UseParallelGC -XX:GCTimeRatio=4 -XX:AdaptiveSizePolicyWeight=90 -Dsun.zip.disableMemoryMapping=true -Xmx1G -Xms100m -Xlog:disable -javaagent:c:\Users\Nahid\.vscode\extensions\redhat.java-1.28.1-win32-x64\lombok\lombok-1.18.31.jar -XX:+HeapDumpOnOutOfMemoryError -XX:HeapDumpPath=c:\Users\Nahid\AppData\Roaming\Code\User\workspaceStorage\1e7db9f67c8595ca55ae328d52024ab2\redhat.java -Daether.dependencyCollector.impl=bf 
java_command: c:\Users\Nahid\.vscode\extensions\redhat.java-1.28.1-win32-x64\server\plugins\org.eclipse.equinox.launcher_1.6.700.v20231214-2017.jar -configuration c:\Users\Nahid\AppData\Roaming\Code\User\globalStorage\redhat.java\1.28.1\config_win -data c:\Users\Nahid\AppData\Roaming\Code\User\workspaceStorage\1e7db9f67c8595ca55ae328d52024ab2\redhat.java\jdt_ws --stdio
java_class_path (initial): c:\Users\Nahid\.vscode\extensions\redhat.java-1.28.1-win32-x64\server\plugins\org.eclipse.equinox.launcher_1.6.700.v20231214-2017.jar
Launcher Type: SUN_STANDARD

[Global flags]
    uintx AdaptiveSizePolicyWeight                 = 90                                        {product} {command line}
     intx CICompilerCount                          = 4                                         {product} {ergonomic}
    uintx GCTimeRatio                              = 4                                         {product} {command line}
     bool HeapDumpOnOutOfMemoryError               = true                                   {manageable} {command line}
    ccstr HeapDumpPath                             = c:\Users\Nahid\AppData\Roaming\Code\User\workspaceStorage\1e7db9f67c8595ca55ae328d52024ab2\redhat.java         {manageable} {command line}
   size_t InitialHeapSize                          = 104857600                                 {product} {command line}
   size_t MaxHeapSize                              = 1073741824                                {product} {command line}
   size_t MaxNewSize                               = 357564416                                 {product} {ergonomic}
   size_t MinHeapDeltaBytes                        = 524288                                    {product} {ergonomic}
   size_t MinHeapSize                              = 104857600                                 {product} {command line}
   size_t NewSize                                  = 34603008                                  {product} {ergonomic}
    uintx NonNMethodCodeHeapSize                   = 5839372                                {pd product} {ergonomic}
    uintx NonProfiledCodeHeapSize                  = 122909434                              {pd product} {ergonomic}
   size_t OldSize                                  = 70254592                                  {product} {ergonomic}
    uintx ProfiledCodeHeapSize                     = 122909434                              {pd product} {ergonomic}
    uintx ReservedCodeCacheSize                    = 251658240                              {pd product} {ergonomic}
     bool SegmentedCodeCache                       = true                                      {product} {ergonomic}
   size_t SoftMaxHeapSize                          = 1073741824                             {manageable} {ergonomic}
     bool UseCompressedClassPointers               = true                           {product lp64_product} {ergonomic}
     bool UseCompressedOops                        = true                           {product lp64_product} {ergonomic}
     bool UseLargePagesIndividualAllocation        = false                                  {pd product} {ergonomic}
     bool UseParallelGC                            = true                                      {product} {command line}

Logging:
Log output configuration:
 #0: stdout all=off uptime,level,tags
 #1: stderr all=off uptime,level,tags

Environment Variables:
JAVA_HOME=C:\Program Files\Java\jdk-17.0.4.1
PATH=C:\Program Files\Common Files\Oracle\Java\javapath;C:\Program Files (x86)\Common Files\Oracle\Java\javapath;C:\WINDOWS\system32;C:\WINDOWS;C:\WINDOWS\System32\Wbem;C:\WINDOWS\System32\WindowsPowerShell\v1.0\;C:\WINDOWS\System32\OpenSSH\;C:\Program Files\Git\cmd;C:\Program Files\Java\jdk-17.0.4.1\bin;C:\Program Files\MATLAB\R2022b\bin;C:\Program Files\Python 3.11;C:\Program Files (x86)\Microsoft SQL Server\160\Tools\Binn\;C:\Program Files\Microsoft SQL Server\160\Tools\Binn\;C:\Program Files\Microsoft SQL Server\Client SDK\ODBC\170\Tools\Binn\;C:\Program Files\Microsoft SQL Server\160\DTS\Binn\;C:\Users\Nahid\Downloads\apache-maven-3.9.6\bin;;C:\Program Files\Docker\Docker\resources\bin;C:\Program Files\Common Files\Oracle\Java\javapath;C:\Program Files (x86)\Common Files\Oracle\Java\javapath;C:\WINDOWS\system32;C:\WINDOWS;C:\WINDOWS\System32\Wbem;C:\WINDOWS\System32\WindowsPowerShell\v1.0\;C:\WINDOWS\System32\OpenSSH\;C:\Program Files\Git\cmd;C:\Program Files\Java\jdk-17.0.4.1\bin;C:\Program Files\MATLAB\R2022b\bin;C:\Program Files\Python 3.11;C:\Program Files (x86)\Microsoft SQL Server\160\Tools\Binn\;C:\Program Files\Microsoft SQL Server\160\Tools\Binn\;C:\Program Files\Microsoft SQL Server\Client SDK\ODBC\170\Tools\Binn\;C:\Program Files\Microsoft SQL Server\160\DTS\Binn\;C:\Program Files\Docker\Docker\resources\bin;C:\Users\Nahid\AppData\Local\Programs\Python\Python311\Scripts\;C:\Users\Nahid\AppData\Local\Programs\Python\Python311\;C:\Users\Nahid\AppData\Local\Microsoft\WindowsApps;C:\Users\Nahid\AppData\Local\Programs\Microsoft VS Code\bin;C:\Users\Nahid\AppData\Local\Programs\MiKTeX\miktex\bin\x64\;C:\Users\Nahid\AppData\Local\GitHubDesktop\bin;C:\path\to\apache-maven-x.y.z\bin;C:\Tools\Gradle\gradle-7.6.4-bin\bin;
USERNAME=Nahid
OS=Windows_NT
PROCESSOR_IDENTIFIER=Intel64 Family 6 Model 142 Stepping 12, GenuineIntel
TMP=C:\Users\Nahid\AppData\Local\Temp
TEMP=C:\Users\Nahid\AppData\Local\Temp



Periodic native trim disabled


---------------  S Y S T E M  ---------------

OS:
 Windows 11 , 64 bit Build 22621 (10.0.22621.3235)
OS uptime: 3 days 20:01 hours
Hyper-V role detected

CPU: total 8 (initial active 8) (4 cores per cpu, 2 threads per core) family 6 model 142 stepping 12 microcode 0xf8, cx8, cmov, fxsr, ht, mmx, 3dnowpref, sse, sse2, sse3, ssse3, sse4.1, sse4.2, popcnt, lzcnt, tsc, tscinvbit, avx, avx2, aes, erms, clmul, bmi1, bmi2, adx, fma, vzeroupper, clflush, clflushopt, hv
Processor Information for processor 0
  Max Mhz: 2304, Current Mhz: 1803, Mhz Limit: 1797
Processor Information for processor 1
  Max Mhz: 2304, Current Mhz: 1502, Mhz Limit: 1797
Processor Information for processor 2
  Max Mhz: 2304, Current Mhz: 1803, Mhz Limit: 1797
Processor Information for processor 3
  Max Mhz: 2304, Current Mhz: 1502, Mhz Limit: 1797
Processor Information for processor 4
  Max Mhz: 2304, Current Mhz: 1803, Mhz Limit: 1797
Processor Information for processor 5
  Max Mhz: 2304, Current Mhz: 1502, Mhz Limit: 1797
Processor Information for processor 6
  Max Mhz: 2304, Current Mhz: 1803, Mhz Limit: 1797
Processor Information for processor 7
  Max Mhz: 2304, Current Mhz: 1502, Mhz Limit: 1797

Memory: 4k page, system-wide physical 16221M (7560M free)
TotalPageFile size 18653M (AvailPageFile size 6535M)
current process WorkingSet (physical memory assigned to process): 619M, peak: 813M
current process commit charge ("private bytes"): 560M, peak: 740M

vm_info: OpenJDK 64-Bit Server VM (17.0.10+7) for windows-amd64 JRE (17.0.10+7), built on Jan 16 2024 23:25:11 by "admin" with MS VC++ 16.10 / 16.11 (VS2019)

END.
